app/build/intermediates/manifest_merge_blame_file/debug/manifest-merger-blame-debug-report.txt
1<?xml version="1.0" encoding="utf-8"?>
2<manifest xmlns:android="http://schemas.android.com/apk/res/android"
3    package="com.creativedroids.link"
4    android:installLocation="auto"
5    android:versionCode="1"
6    android:versionName="1.0" >
7
8    <uses-sdk
9        android:minSdkVersion="16"
9-->src\main\AndroidManifest.xml
10        android:targetSdkVersion="30" />
10-->src\main\AndroidManifest.xml
11
12    <uses-permission android:name="android.permission.INTERNET" />
12-->src\main\AndroidManifest.xml:8:5-67
12-->src\main\AndroidManifest.xml:8:22-64
13    <uses-permission android:name="android.permission.WRITE_EXTERNAL_STORAGE" />
13-->src\main\AndroidManifest.xml:9:5-81
13-->src\main\AndroidManifest.xml:9:22-78
14    <uses-permission android:name="android.permission.READ_EXTERNAL_STORAGE" />
14-->src\main\AndroidManifest.xml:10:5-80
14-->src\main\AndroidManifest.xml:10:22-77
15    <uses-permission android:name="android.permission.ACCESS_NETWORK_STATE" />
15-->src\main\AndroidManifest.xml:11:5-79
15-->src\main\AndroidManifest.xml:11:22-76
16    <uses-permission android:name="android.permission.ACCESS_WIFI_STATE" />
16-->src\main\AndroidManifest.xml:12:5-76
16-->src\main\AndroidManifest.xml:12:22-73
17
18    <application
18-->src\main\AndroidManifest.xml:14:5-108:19
19        android:allowBackup="true"
19-->src\main\AndroidManifest.xml:15:9-35
20        android:appComponentFactory="androidx.core.app.CoreComponentFactory"
20-->[androidx.core:core:1.3.1] AndroidManifest.xml:24:18-86
21        android:debuggable="true"
22        android:icon="@drawable/ic_launcher"
22-->src\main\AndroidManifest.xml:16:9-45
23        android:label="@string/app_name"
23-->src\main\AndroidManifest.xml:17:9-41
24        android:testOnly="true"
25        android:theme="@android:style/Theme.Black.NoTitleBar.Fullscreen" >
25-->src\main\AndroidManifest.xml:18:9-73
26        <activity
26-->src\main\AndroidManifest.xml:19:9-28:20
27            android:name="com.creativedroids.link.StartScreen"
27-->src\main\AndroidManifest.xml:20:13-63
28            android:label="@string/app_name"
28-->src\main\AndroidManifest.xml:21:13-45
29            android:screenOrientation="portrait" >
29-->src\main\AndroidManifest.xml:22:13-49
30            <intent-filter>
30-->src\main\AndroidManifest.xml:23:13-27:29
31                <action android:name="android.intent.action.MAIN" />
31-->src\main\AndroidManifest.xml:24:17-69
31-->src\main\AndroidManifest.xml:24:25-66
32
33                <category android:name="android.intent.category.LAUNCHER" />
33-->src\main\AndroidManifest.xml:26:17-77
33-->src\main\AndroidManifest.xml:26:27-74
34            </intent-filter>
35        </activity>
36        <activity
36-->src\main\AndroidManifest.xml:29:9-31:52
37            android:name="com.creativedroids.link.GameActivity"
37-->src\main\AndroidManifest.xml:30:13-64
38            android:screenOrientation="portrait" />
38-->src\main\AndroidManifest.xml:31:13-49
39        <activity
39-->src\main\AndroidManifest.xml:32:9-34:52
40            android:name="com.creativedroids.link.Store"
40-->src\main\AndroidManifest.xml:33:13-57
41            android:screenOrientation="portrait" />
41-->src\main\AndroidManifest.xml:34:13-49
42        <activity
42-->src\main\AndroidManifest.xml:35:9-37:52
43            android:name="com.creativedroids.link.BasicPackActivity"
43-->src\main\AndroidManifest.xml:36:13-69
44            android:screenOrientation="portrait" />
44-->src\main\AndroidManifest.xml:37:13-49
45        <activity
45-->src\main\AndroidManifest.xml:38:9-40:52
46            android:name="com.creativedroids.link.HelpActivity"
46-->src\main\AndroidManifest.xml:39:13-64
47            android:screenOrientation="portrait" />
47-->src\main\AndroidManifest.xml:40:13-49
48        <activity
48-->src\main\AndroidManifest.xml:41:9-43:52
49            android:name="com.creativedroids.link.PackType"
49-->src\main\AndroidManifest.xml:42:13-60
50            android:screenOrientation="portrait" />
50-->src\main\AndroidManifest.xml:43:13-49
51        <activity
51-->src\main\AndroidManifest.xml:44:9-46:52
52            android:name="com.creativedroids.link.AdvancedPackActivity"
52-->src\main\AndroidManifest.xml:45:13-72
53            android:screenOrientation="portrait" />
53-->src\main\AndroidManifest.xml:46:13-49
54        <activity
54-->src\main\AndroidManifest.xml:47:9-49:52
55            android:name="com.creativedroids.link.TabPackActivity"
55-->src\main\AndroidManifest.xml:48:13-67
56            android:screenOrientation="portrait" />
56-->src\main\AndroidManifest.xml:49:13-49
57        <activity
57-->src\main\AndroidManifest.xml:50:9-52:52
58            android:name="com.creativedroids.link.LevelsActivity"
58-->src\main\AndroidManifest.xml:51:13-66
59            android:screenOrientation="portrait" />
59-->src\main\AndroidManifest.xml:52:13-49
60        <activity
60-->src\main\AndroidManifest.xml:53:9-55:52
61            android:name="com.creativedroids.link.MoreScreen"
61-->src\main\AndroidManifest.xml:54:13-62
62            android:screenOrientation="portrait" />
62-->src\main\AndroidManifest.xml:55:13-49
63        <activity
63-->src\main\AndroidManifest.xml:56:9-59:59
64            android:name="com.creativedroids.link.TagsScreen"
64-->src\main\AndroidManifest.xml:57:13-62
65            android:screenOrientation="portrait"
65-->src\main\AndroidManifest.xml:58:13-49
66            android:theme="@android:style/Theme.Dialog" />
66-->src\main\AndroidManifest.xml:59:13-56
67        <activity
67-->src\main\AndroidManifest.xml:60:9-63:59
68            android:name="com.creativedroids.link.GetHints"
68-->src\main\AndroidManifest.xml:61:13-60
69            android:screenOrientation="portrait"
69-->src\main\AndroidManifest.xml:62:13-49
70            android:theme="@android:style/Theme.Dialog" />
70-->src\main\AndroidManifest.xml:63:13-56
71
72        <!-- Tapjoy -->
73        <activity
73-->src\main\AndroidManifest.xml:66:9-68:77
74            android:name="com.tapjoy.TJCOffersWebView"
74-->src\main\AndroidManifest.xml:67:13-55
75            android:configChanges="orientation|keyboardHidden|screenSize" />
75-->src\main\AndroidManifest.xml:68:13-74
76        <activity
76-->src\main\AndroidManifest.xml:69:9-71:77
77            android:name="com.tapjoy.TapjoyFullScreenAdWebView"
77-->src\main\AndroidManifest.xml:70:13-64
78            android:configChanges="orientation|keyboardHidden|screenSize" />
78-->src\main\AndroidManifest.xml:71:13-74
79        <!-- <activity -->
80        <!-- android:name="com.tapjoy.TapjoyDailyRewardAdWebView" -->
81        <!-- android:configChanges="orientation|keyboardHidden|screenSize" /> -->
82        <activity
82-->src\main\AndroidManifest.xml:75:9-77:77
83            android:name="com.tapjoy.TapjoyVideoView"
83-->src\main\AndroidManifest.xml:76:13-54
84            android:configChanges="orientation|keyboardHidden|screenSize" />
84-->src\main\AndroidManifest.xml:77:13-74
85        <activity
85-->src\main\AndroidManifest.xml:78:9-81:86
86            android:name="com.tapjoy.TJAdUnitView"
86-->src\main\AndroidManifest.xml:79:13-51
87            android:configChanges="orientation|keyboardHidden|screenSize"
87-->src\main\AndroidManifest.xml:80:13-74
88            android:theme="@android:style/Theme.Translucent.NoTitleBar.Fullscreen" />
88-->src\main\AndroidManifest.xml:81:13-83
89        <activity
89-->src\main\AndroidManifest.xml:82:9-84:77
90            android:name="com.tapjoy.mraid.view.ActionHandler"
90-->src\main\AndroidManifest.xml:83:13-63
91            android:configChanges="orientation|keyboardHidden|screenSize" />
91-->src\main\AndroidManifest.xml:84:13-74
92        <activity
92-->src\main\AndroidManifest.xml:85:9-87:77
93            android:name="com.tapjoy.mraid.view.Browser"
93-->src\main\AndroidManifest.xml:86:13-57
94            android:configChanges="orientation|keyboardHidden|screenSize" />
94-->src\main\AndroidManifest.xml:87:13-74
95
96        <!-- ADMOB -->
97        <!-- <meta-data -->
98        <!-- android:name="com.google.android.gms.version" -->
99        <!-- android:value="@integer/google_play_services_version" /> -->
100
101
102        <!-- <activity -->
103        <!-- android:name="com.google.android.gms.ads.AdActivity" -->
104        <!-- android:configChanges="keyboard|keyboardHidden|orientation|screenLayout|uiMode|screenSize|smallestScreenSize" /> -->
105
106
107        <!-- values for vungle -->
108        <activity
108-->src\main\AndroidManifest.xml:99:9-102:74
109            android:name="com.vungle.publisher.FullScreenAdActivity"
109-->src\main\AndroidManifest.xml:100:13-69
110            android:configChanges="keyboardHidden|orientation|screenSize"
110-->src\main\AndroidManifest.xml:101:13-74
111            android:theme="@android:style/Theme.NoTitleBar.Fullscreen" />
111-->src\main\AndroidManifest.xml:102:13-71
112
113        <service
113-->src\main\AndroidManifest.xml:104:9-106:40
114            android:name="com.vungle.publisher.VungleService"
114-->src\main\AndroidManifest.xml:105:13-62
115            android:exported="false" />
115-->src\main\AndroidManifest.xml:106:13-37
116    </application>
117
118</manifest>